[     355ms] [ERROR] Warning: Prop `%s` did not match. Server: %s Client: %s%s dangerouslySetInnerHTML "" "!function(){try{var d=document.documentElement,c=d.classList;c.remove('light','dark');var e=localStorage.getItem('theme');if('system'===e||(!e&&false)){var t='(prefers-color-scheme: dark)',m=window.matchMedia(t);if(m.media!==t||m.matches){d.style.colorScheme = 'dark';c.add('dark')}else{d.style.colorScheme = 'light';c.add('light')}}else if(e){c.add(e|| '')}else{c.add('light')}if(e==='light'||e==='dark'||!e)d.style.colorScheme=e||'light'}catch(e){}}()" 
    at script
    at eval (webpack-internal:///(app-pages-browser)/./node_modules/next-themes/dist/index.mjs:111:24)
    at O (webpack-internal:///(app-pages-browser)/./node_modules/next-themes/dist/index.mjs:29:24)
    at z (webpack-internal:///(app-pages-browser)/./node_modules/next-themes/dist/index.mjs:22:47)
    at ThemeProvider (webpack-internal:///(app-pages-browser)/./components/theme-provider.tsx:10:11)
    at PostHogProvider (webpack-internal:///(app-pages-browser)/./node_modules/posthog-js/react/dist/esm/index.js:59:23)
    at SWRConfig (webpack-internal:///(app-pages-browser)/./node_modules/@clerk/clerk-react/node_modules/@clerk/shared/node_modules/swr/dist/_internal/config-context-12s-CCVTDPOP.mjs:557:13)
    at OrganizationProvider (webpack-internal:///(app-pages-browser)/./node_modules/@clerk/clerk-react/node_modules/@clerk/shared/dist/react/index.mjs:92:3)
    at ClerkContextProvider (webpack-internal:///(app-pages-browser)/./node_modules/@clerk/clerk-react/dist/index.mjs:1792:11)
    at ClerkProviderBase (webpack-internal:///(app-pages-browser)/./node_modules/@clerk/clerk-react/dist/index.mjs:1867:11)
    at Hoc (webpack-internal:///(app-pages-browser)/./node_modules/@clerk/clerk-react/dist/index.mjs:113:5)
    at ClerkNextOptionsProvider (webpack-internal:///(app-pages-browser)/./node_modules/@clerk/nextjs/dist/esm/client-boundary/NextOptionsContext.js:16:11)
    at ClientClerkProvider (webpack-internal:///(app-pages-browser)/./node_modules/@clerk/nextjs/dist/esm/app-router/client/ClerkProvider.js:59:13)
    at ClerkProvider (webpack-internal:///(app-pages-browser)/./node_modules/@clerk/nextjs/dist/esm/client-boundary/ClerkProvider.js:18:81)
    at CSPostHogProvider (webpack-internal:///(app-pages-browser)/./app/provider.tsx:43:11)
    at body
    at html
    at RootLayout (Server)
    at RedirectErrorBoundary (webpack-internal:///(app-pages-browser)/./node_modules/next/dist/client/components/redirect-boundary.js:74:9)
    at RedirectBoundary (webpack-internal:///(app-pages-browser)/./node_modules/next/dist/client/components/redirect-boundary.js:82:11)
    at NotFoundErrorBoundary (webpack-internal:///(app-pages-browser)/./node_modules/next/dist/client/components/not-found-boundary.js:76:9)
    at NotFoundBoundary (webpack-internal:///(app-pages-browser)/./node_modules/next/dist/client/components/not-found-boundary.js:84:11)
    at DevRootNotFoundBoundary (webpack-internal:///(app-pages-browser)/./node_modules/next/dist/client/components/dev-root-not-found-boundary.js:33:11)
    at ReactDevOverlay (webpack-internal:///(app-pages-browser)/./node_modules/next/dist/client/components/react-dev-overlay/app/ReactDevOverlay.js:87:9)
    at HotReload (webpack-internal:///(app-pages-browser)/./node_modules/next/dist/client/components/react-dev-overlay/app/hot-reloader-client.js:321:11)
    at Router (webpack-internal:///(app-pages-browser)/./node_modules/next/dist/client/components/app-router.js:207:11)
    at ErrorBoundaryHandler (webpack-internal:///(app-pages-browser)/./node_modules/next/dist/client/components/error-boundary.js:113:9)
    at ErrorBoundary (webpack-internal:///(app-pages-browser)/./node_modules/next/dist/client/components/error-boundary.js:160:11)
    at AppRouter (webpack-internal:///(app-pages-browser)/./node_modules/next/dist/client/components/app-router.js:577:13)
    at ServerRoot (webpack-internal:///(app-pages-browser)/./node_modules/next/dist/client/app-index.js:112:27)
    at Root (webpack-internal:///(app-pages-browser)/./node_modules/next/dist/client/app-index.js:117:11) @ webpack-internal:///(app-pages-browser)/./node_modules/next/dist/client/app-index.js:32
[     608ms] [ERROR] Failed to load resource: the server responded with a status of 400 () @ https://clerk.screenpi.pe/v1/client?__clerk_api_version=2025-11-10&_clerk_js_version=5.122.1:0
[     630ms] e: Clerk: Production Keys are only allowed for domain "screenpi.pe". 
API Error: The Request HTTP Origin header must be equal to or a subdomain of the requesting URL.
    at https://clerk.screenpi.pe/npm/@clerk/clerk-js@5/dist/clerk.browser.js:2:7182
    at u._baseFetch (https://clerk.screenpi.pe/npm/@clerk/clerk-js@5/dist/clerk.browser.js:3:38)
    at async d.execute (https://clerk.screenpi.pe/npm/@clerk/clerk-js@5/dist/clerk.browser.js:2:5226)
    at async s._baseGet (https://clerk.screenpi.pe/npm/@clerk/clerk-js@5/dist/clerk.browser.js:3:567)
    at async Promise.all (index 1)
    at async #U (https://clerk.screenpi.pe/npm/@clerk/clerk-js@5/dist/clerk.browser.js:5:71665)
    at async e2.load (https://clerk.screenpi.pe/npm/@clerk/clerk-js@5/dist/clerk.browser.js:5:33226)
    at async _IsomorphicClerk.loadClerkJS (webpack-internal:///(app-pages-browser)/./node_modules/@clerk/clerk-react/dist/index.mjs:1646:9)
[   20921ms] [ERROR] WebSocket connection to 'wss://client.relay.crisp.chat/w/a52/?EIO=4&transport=websocket' failed:  @ https://client.crisp.chat/static/javascripts/client_default_1fde8ec.js:7
[   20921ms] [ERROR] WebSocket connection to 'ws://localhost:3333/_next/webpack-hmr' failed:  @ webpack-internal:///(app-pages-browser)/./node_modules/next/dist/client/components/react-dev-overlay/internal/helpers/use-websocket.js:41
